
> tm-react-checkout@0.1.0 jsonserver /home/jacquesbonet/Documents/software/tm-react-checkout
> json-server --port 3002 db.json


  \{^_^}/ hi!

  Loading db.json
  Done

  Resources
  http://localhost:3002/products

  Home
  http://localhost:3002

  Type s + enter at any time to create a snapshot of the database
events.js:160
      throw er; // Unhandled 'error' event
      ^

Error: EBADF: bad file descriptor, read
    at Error (native)

npm ERR! Linux 4.4.0-21-generic
npm ERR! argv "/usr/bin/node" "/usr/bin/npm" "run" "jsonserver"
npm ERR! node v6.9.1
npm ERR! npm  v3.10.9
npm ERR! code ELIFECYCLE
npm ERR! tm-react-checkout@0.1.0 jsonserver: `json-server --port 3002 db.json`
npm ERR! Exit status 1
npm ERR! 
npm ERR! Failed at the tm-react-checkout@0.1.0 jsonserver script 'json-server --port 3002 db.json'.
npm ERR! Make sure you have the latest version of node.js and npm installed.
npm ERR! If you do, this is most likely a problem with the tm-react-checkout package,
npm ERR! not with npm itself.
npm ERR! Tell the author that this fails on your system:
npm ERR!     json-server --port 3002 db.json
npm ERR! You can get information on how to open an issue for this project with:
npm ERR!     npm bugs tm-react-checkout
npm ERR! Or if that isn't available, you can get their info via:
npm ERR!     npm owner ls tm-react-checkout
npm ERR! There is likely additional logging output above.

npm ERR! Please include the following file with any support request:
npm ERR!     /home/jacquesbonet/Documents/software/tm-react-checkout/npm-debug.log
